[2022-09-20T12:19:18.622+0200] {processor.py:156} INFO - Started process (PID=63306) to work on /Users/sonyaxent/.local/share/virtualenvs/sonyaxent-YA4QR0Vi/lib/python3.10/site-packages/airflow/example_dags/example_subdag_operator.py
[2022-09-20T12:19:18.627+0200] {processor.py:758} INFO - Processing file /Users/sonyaxent/.local/share/virtualenvs/sonyaxent-YA4QR0Vi/lib/python3.10/site-packages/airflow/example_dags/example_subdag_operator.py for tasks to queue
[2022-09-20T12:19:18.627+0200] {logging_mixin.py:117} INFO - [2022-09-20T12:19:18.627+0200] {dagbag.py:525} INFO - Filling up the DagBag from /Users/sonyaxent/.local/share/virtualenvs/sonyaxent-YA4QR0Vi/lib/python3.10/site-packages/airflow/example_dags/example_subdag_operator.py
[2022-09-20T12:19:18.756+0200] {processor.py:768} INFO - DAG(s) dict_keys(['example_subdag_operator.section-1', 'example_subdag_operator.section-2', 'example_subdag_operator']) retrieved from /Users/sonyaxent/.local/share/virtualenvs/sonyaxent-YA4QR0Vi/lib/python3.10/site-packages/airflow/example_dags/example_subdag_operator.py
[2022-09-20T12:19:19.253+0200] {logging_mixin.py:117} INFO - [2022-09-20T12:19:19.252+0200] {dag.py:2573} INFO - Sync 3 DAGs
[2022-09-20T12:19:19.268+0200] {logging_mixin.py:117} INFO - [2022-09-20T12:19:19.268+0200] {dag.py:3324} INFO - Setting next_dagrun for example_subdag_operator to 2022-01-01T00:00:00+00:00, run_after=2022-01-01T00:00:00+00:00
[2022-09-20T12:19:19.270+0200] {logging_mixin.py:117} INFO - [2022-09-20T12:19:19.270+0200] {dag.py:3324} INFO - Setting next_dagrun for example_subdag_operator.section-1 to None, run_after=None
[2022-09-20T12:19:19.271+0200] {logging_mixin.py:117} INFO - [2022-09-20T12:19:19.271+0200] {dag.py:3324} INFO - Setting next_dagrun for example_subdag_operator.section-2 to None, run_after=None
[2022-09-20T12:19:19.275+0200] {logging_mixin.py:117} INFO - [2022-09-20T12:19:19.275+0200] {dag.py:2573} INFO - Sync 2 DAGs
[2022-09-20T12:19:19.279+0200] {logging_mixin.py:117} INFO - [2022-09-20T12:19:19.278+0200] {dag.py:3324} INFO - Setting next_dagrun for example_subdag_operator.section-1 to None, run_after=None
[2022-09-20T12:19:19.279+0200] {logging_mixin.py:117} INFO - [2022-09-20T12:19:19.279+0200] {dag.py:3324} INFO - Setting next_dagrun for example_subdag_operator.section-2 to None, run_after=None
[2022-09-20T12:19:19.292+0200] {processor.py:178} INFO - Processing /Users/sonyaxent/.local/share/virtualenvs/sonyaxent-YA4QR0Vi/lib/python3.10/site-packages/airflow/example_dags/example_subdag_operator.py took 0.670 seconds
[2022-09-20T12:24:24.630+0200] {processor.py:156} INFO - Started process (PID=63661) to work on /Users/sonyaxent/.local/share/virtualenvs/sonyaxent-YA4QR0Vi/lib/python3.10/site-packages/airflow/example_dags/example_subdag_operator.py
[2022-09-20T12:24:24.636+0200] {processor.py:758} INFO - Processing file /Users/sonyaxent/.local/share/virtualenvs/sonyaxent-YA4QR0Vi/lib/python3.10/site-packages/airflow/example_dags/example_subdag_operator.py for tasks to queue
[2022-09-20T12:24:24.636+0200] {logging_mixin.py:117} INFO - [2022-09-20T12:24:24.636+0200] {dagbag.py:525} INFO - Filling up the DagBag from /Users/sonyaxent/.local/share/virtualenvs/sonyaxent-YA4QR0Vi/lib/python3.10/site-packages/airflow/example_dags/example_subdag_operator.py
[2022-09-20T12:24:24.763+0200] {processor.py:768} INFO - DAG(s) dict_keys(['example_subdag_operator.section-1', 'example_subdag_operator.section-2', 'example_subdag_operator']) retrieved from /Users/sonyaxent/.local/share/virtualenvs/sonyaxent-YA4QR0Vi/lib/python3.10/site-packages/airflow/example_dags/example_subdag_operator.py
[2022-09-20T12:24:25.144+0200] {logging_mixin.py:117} INFO - [2022-09-20T12:24:25.144+0200] {dag.py:2573} INFO - Sync 3 DAGs
[2022-09-20T12:24:25.157+0200] {logging_mixin.py:117} INFO - [2022-09-20T12:24:25.157+0200] {dag.py:3324} INFO - Setting next_dagrun for example_subdag_operator to 2022-01-01T00:00:00+00:00, run_after=2022-01-01T00:00:00+00:00
[2022-09-20T12:24:25.160+0200] {logging_mixin.py:117} INFO - [2022-09-20T12:24:25.159+0200] {dag.py:3324} INFO - Setting next_dagrun for example_subdag_operator.section-1 to None, run_after=None
[2022-09-20T12:24:25.160+0200] {logging_mixin.py:117} INFO - [2022-09-20T12:24:25.160+0200] {dag.py:3324} INFO - Setting next_dagrun for example_subdag_operator.section-2 to None, run_after=None
[2022-09-20T12:24:25.164+0200] {logging_mixin.py:117} INFO - [2022-09-20T12:24:25.164+0200] {dag.py:2573} INFO - Sync 2 DAGs
[2022-09-20T12:24:25.167+0200] {logging_mixin.py:117} INFO - [2022-09-20T12:24:25.167+0200] {dag.py:3324} INFO - Setting next_dagrun for example_subdag_operator.section-1 to None, run_after=None
[2022-09-20T12:24:25.168+0200] {logging_mixin.py:117} INFO - [2022-09-20T12:24:25.168+0200] {dag.py:3324} INFO - Setting next_dagrun for example_subdag_operator.section-2 to None, run_after=None
[2022-09-20T12:24:25.179+0200] {processor.py:178} INFO - Processing /Users/sonyaxent/.local/share/virtualenvs/sonyaxent-YA4QR0Vi/lib/python3.10/site-packages/airflow/example_dags/example_subdag_operator.py took 0.549 seconds
