[2022-09-20T12:19:07.761+0200] {processor.py:156} INFO - Started process (PID=63296) to work on /Users/sonyaxent/.local/share/virtualenvs/sonyaxent-YA4QR0Vi/lib/python3.10/site-packages/airflow/example_dags/example_xcomargs.py
[2022-09-20T12:19:07.767+0200] {processor.py:758} INFO - Processing file /Users/sonyaxent/.local/share/virtualenvs/sonyaxent-YA4QR0Vi/lib/python3.10/site-packages/airflow/example_dags/example_xcomargs.py for tasks to queue
[2022-09-20T12:19:07.767+0200] {logging_mixin.py:117} INFO - [2022-09-20T12:19:07.767+0200] {dagbag.py:525} INFO - Filling up the DagBag from /Users/sonyaxent/.local/share/virtualenvs/sonyaxent-YA4QR0Vi/lib/python3.10/site-packages/airflow/example_dags/example_xcomargs.py
[2022-09-20T12:19:07.809+0200] {processor.py:768} INFO - DAG(s) dict_keys(['example_xcom_args', 'example_xcom_args_with_operators']) retrieved from /Users/sonyaxent/.local/share/virtualenvs/sonyaxent-YA4QR0Vi/lib/python3.10/site-packages/airflow/example_dags/example_xcomargs.py
[2022-09-20T12:19:07.835+0200] {logging_mixin.py:117} INFO - [2022-09-20T12:19:07.835+0200] {dag.py:2573} INFO - Sync 2 DAGs
[2022-09-20T12:19:07.919+0200] {logging_mixin.py:117} INFO - [2022-09-20T12:19:07.919+0200] {dag.py:3324} INFO - Setting next_dagrun for example_xcom_args to None, run_after=None
[2022-09-20T12:19:07.921+0200] {logging_mixin.py:117} INFO - [2022-09-20T12:19:07.921+0200] {dag.py:3324} INFO - Setting next_dagrun for example_xcom_args_with_operators to None, run_after=None
[2022-09-20T12:19:07.940+0200] {processor.py:178} INFO - Processing /Users/sonyaxent/.local/share/virtualenvs/sonyaxent-YA4QR0Vi/lib/python3.10/site-packages/airflow/example_dags/example_xcomargs.py took 0.179 seconds
[2022-09-20T12:20:27.249+0200] {processor.py:156} INFO - Started process (PID=63357) to work on /Users/sonyaxent/.local/share/virtualenvs/sonyaxent-YA4QR0Vi/lib/python3.10/site-packages/airflow/example_dags/example_xcomargs.py
[2022-09-20T12:20:27.256+0200] {processor.py:758} INFO - Processing file /Users/sonyaxent/.local/share/virtualenvs/sonyaxent-YA4QR0Vi/lib/python3.10/site-packages/airflow/example_dags/example_xcomargs.py for tasks to queue
[2022-09-20T12:20:27.256+0200] {logging_mixin.py:117} INFO - [2022-09-20T12:20:27.256+0200] {dagbag.py:525} INFO - Filling up the DagBag from /Users/sonyaxent/.local/share/virtualenvs/sonyaxent-YA4QR0Vi/lib/python3.10/site-packages/airflow/example_dags/example_xcomargs.py
[2022-09-20T12:20:27.298+0200] {processor.py:768} INFO - DAG(s) dict_keys(['example_xcom_args_with_operators', 'example_xcom_args']) retrieved from /Users/sonyaxent/.local/share/virtualenvs/sonyaxent-YA4QR0Vi/lib/python3.10/site-packages/airflow/example_dags/example_xcomargs.py
[2022-09-20T12:20:27.722+0200] {logging_mixin.py:117} INFO - [2022-09-20T12:20:27.722+0200] {dag.py:2573} INFO - Sync 2 DAGs
[2022-09-20T12:20:27.736+0200] {logging_mixin.py:117} INFO - [2022-09-20T12:20:27.736+0200] {dag.py:3324} INFO - Setting next_dagrun for example_xcom_args to None, run_after=None
[2022-09-20T12:20:27.738+0200] {logging_mixin.py:117} INFO - [2022-09-20T12:20:27.738+0200] {dag.py:3324} INFO - Setting next_dagrun for example_xcom_args_with_operators to None, run_after=None
[2022-09-20T12:20:27.752+0200] {processor.py:178} INFO - Processing /Users/sonyaxent/.local/share/virtualenvs/sonyaxent-YA4QR0Vi/lib/python3.10/site-packages/airflow/example_dags/example_xcomargs.py took 0.503 seconds
[2022-09-20T12:24:05.498+0200] {processor.py:156} INFO - Started process (PID=63612) to work on /Users/sonyaxent/.local/share/virtualenvs/sonyaxent-YA4QR0Vi/lib/python3.10/site-packages/airflow/example_dags/example_xcomargs.py
[2022-09-20T12:24:05.504+0200] {processor.py:758} INFO - Processing file /Users/sonyaxent/.local/share/virtualenvs/sonyaxent-YA4QR0Vi/lib/python3.10/site-packages/airflow/example_dags/example_xcomargs.py for tasks to queue
[2022-09-20T12:24:05.505+0200] {logging_mixin.py:117} INFO - [2022-09-20T12:24:05.504+0200] {dagbag.py:525} INFO - Filling up the DagBag from /Users/sonyaxent/.local/share/virtualenvs/sonyaxent-YA4QR0Vi/lib/python3.10/site-packages/airflow/example_dags/example_xcomargs.py
[2022-09-20T12:24:05.550+0200] {processor.py:768} INFO - DAG(s) dict_keys(['example_xcom_args', 'example_xcom_args_with_operators']) retrieved from /Users/sonyaxent/.local/share/virtualenvs/sonyaxent-YA4QR0Vi/lib/python3.10/site-packages/airflow/example_dags/example_xcomargs.py
[2022-09-20T12:24:05.994+0200] {logging_mixin.py:117} INFO - [2022-09-20T12:24:05.993+0200] {dag.py:2573} INFO - Sync 2 DAGs
[2022-09-20T12:24:06.025+0200] {logging_mixin.py:117} INFO - [2022-09-20T12:24:06.025+0200] {dag.py:3324} INFO - Setting next_dagrun for example_xcom_args to None, run_after=None
[2022-09-20T12:24:06.028+0200] {logging_mixin.py:117} INFO - [2022-09-20T12:24:06.027+0200] {dag.py:3324} INFO - Setting next_dagrun for example_xcom_args_with_operators to None, run_after=None
[2022-09-20T12:24:06.053+0200] {processor.py:178} INFO - Processing /Users/sonyaxent/.local/share/virtualenvs/sonyaxent-YA4QR0Vi/lib/python3.10/site-packages/airflow/example_dags/example_xcomargs.py took 0.556 seconds
