[2022-09-20T12:19:05.870+0200] {processor.py:156} INFO - Started process (PID=63295) to work on /Users/sonyaxent/.local/share/virtualenvs/sonyaxent-YA4QR0Vi/lib/python3.10/site-packages/airflow/example_dags/tutorial.py
[2022-09-20T12:19:05.876+0200] {processor.py:758} INFO - Processing file /Users/sonyaxent/.local/share/virtualenvs/sonyaxent-YA4QR0Vi/lib/python3.10/site-packages/airflow/example_dags/tutorial.py for tasks to queue
[2022-09-20T12:19:05.876+0200] {logging_mixin.py:117} INFO - [2022-09-20T12:19:05.876+0200] {dagbag.py:525} INFO - Filling up the DagBag from /Users/sonyaxent/.local/share/virtualenvs/sonyaxent-YA4QR0Vi/lib/python3.10/site-packages/airflow/example_dags/tutorial.py
[2022-09-20T12:19:05.906+0200] {processor.py:768} INFO - DAG(s) dict_keys(['tutorial']) retrieved from /Users/sonyaxent/.local/share/virtualenvs/sonyaxent-YA4QR0Vi/lib/python3.10/site-packages/airflow/example_dags/tutorial.py
[2022-09-20T12:19:05.933+0200] {logging_mixin.py:117} INFO - [2022-09-20T12:19:05.933+0200] {dag.py:2573} INFO - Sync 1 DAGs
[2022-09-20T12:19:06.026+0200] {logging_mixin.py:117} INFO - [2022-09-20T12:19:06.025+0200] {dag.py:3324} INFO - Setting next_dagrun for tutorial to 2022-09-19T10:19:06.025780+00:00, run_after=2022-09-20T10:19:06.025780+00:00
[2022-09-20T12:19:06.042+0200] {processor.py:178} INFO - Processing /Users/sonyaxent/.local/share/virtualenvs/sonyaxent-YA4QR0Vi/lib/python3.10/site-packages/airflow/example_dags/tutorial.py took 0.172 seconds
[2022-09-20T12:20:24.976+0200] {processor.py:156} INFO - Started process (PID=63355) to work on /Users/sonyaxent/.local/share/virtualenvs/sonyaxent-YA4QR0Vi/lib/python3.10/site-packages/airflow/example_dags/tutorial.py
[2022-09-20T12:20:24.982+0200] {processor.py:758} INFO - Processing file /Users/sonyaxent/.local/share/virtualenvs/sonyaxent-YA4QR0Vi/lib/python3.10/site-packages/airflow/example_dags/tutorial.py for tasks to queue
[2022-09-20T12:20:24.982+0200] {logging_mixin.py:117} INFO - [2022-09-20T12:20:24.982+0200] {dagbag.py:525} INFO - Filling up the DagBag from /Users/sonyaxent/.local/share/virtualenvs/sonyaxent-YA4QR0Vi/lib/python3.10/site-packages/airflow/example_dags/tutorial.py
[2022-09-20T12:20:25.004+0200] {processor.py:768} INFO - DAG(s) dict_keys(['tutorial']) retrieved from /Users/sonyaxent/.local/share/virtualenvs/sonyaxent-YA4QR0Vi/lib/python3.10/site-packages/airflow/example_dags/tutorial.py
[2022-09-20T12:20:25.413+0200] {logging_mixin.py:117} INFO - [2022-09-20T12:20:25.412+0200] {dag.py:2573} INFO - Sync 1 DAGs
[2022-09-20T12:20:25.426+0200] {logging_mixin.py:117} INFO - [2022-09-20T12:20:25.426+0200] {dag.py:3324} INFO - Setting next_dagrun for tutorial to 2022-09-19T10:20:25.426489+00:00, run_after=2022-09-20T10:20:25.426489+00:00
[2022-09-20T12:20:25.442+0200] {processor.py:178} INFO - Processing /Users/sonyaxent/.local/share/virtualenvs/sonyaxent-YA4QR0Vi/lib/python3.10/site-packages/airflow/example_dags/tutorial.py took 0.467 seconds
[2022-09-20T12:24:02.461+0200] {processor.py:156} INFO - Started process (PID=63608) to work on /Users/sonyaxent/.local/share/virtualenvs/sonyaxent-YA4QR0Vi/lib/python3.10/site-packages/airflow/example_dags/tutorial.py
[2022-09-20T12:24:02.468+0200] {processor.py:758} INFO - Processing file /Users/sonyaxent/.local/share/virtualenvs/sonyaxent-YA4QR0Vi/lib/python3.10/site-packages/airflow/example_dags/tutorial.py for tasks to queue
[2022-09-20T12:24:02.468+0200] {logging_mixin.py:117} INFO - [2022-09-20T12:24:02.468+0200] {dagbag.py:525} INFO - Filling up the DagBag from /Users/sonyaxent/.local/share/virtualenvs/sonyaxent-YA4QR0Vi/lib/python3.10/site-packages/airflow/example_dags/tutorial.py
[2022-09-20T12:24:02.490+0200] {processor.py:768} INFO - DAG(s) dict_keys(['tutorial']) retrieved from /Users/sonyaxent/.local/share/virtualenvs/sonyaxent-YA4QR0Vi/lib/python3.10/site-packages/airflow/example_dags/tutorial.py
[2022-09-20T12:24:03.025+0200] {logging_mixin.py:117} INFO - [2022-09-20T12:24:03.025+0200] {dag.py:2573} INFO - Sync 1 DAGs
[2022-09-20T12:24:03.043+0200] {logging_mixin.py:117} INFO - [2022-09-20T12:24:03.043+0200] {dag.py:3324} INFO - Setting next_dagrun for tutorial to 2022-09-19T10:24:03.042968+00:00, run_after=2022-09-20T10:24:03.042968+00:00
[2022-09-20T12:24:03.063+0200] {processor.py:178} INFO - Processing /Users/sonyaxent/.local/share/virtualenvs/sonyaxent-YA4QR0Vi/lib/python3.10/site-packages/airflow/example_dags/tutorial.py took 0.603 seconds
