[2022-09-20T12:19:00.265+0200] {processor.py:156} INFO - Started process (PID=63292) to work on /Users/sonyaxent/.local/share/virtualenvs/sonyaxent-YA4QR0Vi/lib/python3.10/site-packages/airflow/example_dags/tutorial_taskflow_api_virtualenv.py
[2022-09-20T12:19:00.270+0200] {processor.py:758} INFO - Processing file /Users/sonyaxent/.local/share/virtualenvs/sonyaxent-YA4QR0Vi/lib/python3.10/site-packages/airflow/example_dags/tutorial_taskflow_api_virtualenv.py for tasks to queue
[2022-09-20T12:19:00.270+0200] {logging_mixin.py:117} INFO - [2022-09-20T12:19:00.270+0200] {dagbag.py:525} INFO - Filling up the DagBag from /Users/sonyaxent/.local/share/virtualenvs/sonyaxent-YA4QR0Vi/lib/python3.10/site-packages/airflow/example_dags/tutorial_taskflow_api_virtualenv.py
[2022-09-20T12:19:00.320+0200] {processor.py:768} INFO - DAG(s) dict_keys(['tutorial_taskflow_api_virtualenv']) retrieved from /Users/sonyaxent/.local/share/virtualenvs/sonyaxent-YA4QR0Vi/lib/python3.10/site-packages/airflow/example_dags/tutorial_taskflow_api_virtualenv.py
[2022-09-20T12:19:00.345+0200] {logging_mixin.py:117} INFO - [2022-09-20T12:19:00.345+0200] {dag.py:2573} INFO - Sync 1 DAGs
[2022-09-20T12:19:00.430+0200] {logging_mixin.py:117} INFO - [2022-09-20T12:19:00.430+0200] {dag.py:3324} INFO - Setting next_dagrun for tutorial_taskflow_api_virtualenv to None, run_after=None
[2022-09-20T12:19:00.446+0200] {processor.py:178} INFO - Processing /Users/sonyaxent/.local/share/virtualenvs/sonyaxent-YA4QR0Vi/lib/python3.10/site-packages/airflow/example_dags/tutorial_taskflow_api_virtualenv.py took 0.182 seconds
[2022-09-20T12:20:18.612+0200] {processor.py:156} INFO - Started process (PID=63351) to work on /Users/sonyaxent/.local/share/virtualenvs/sonyaxent-YA4QR0Vi/lib/python3.10/site-packages/airflow/example_dags/tutorial_taskflow_api_virtualenv.py
[2022-09-20T12:20:18.617+0200] {processor.py:758} INFO - Processing file /Users/sonyaxent/.local/share/virtualenvs/sonyaxent-YA4QR0Vi/lib/python3.10/site-packages/airflow/example_dags/tutorial_taskflow_api_virtualenv.py for tasks to queue
[2022-09-20T12:20:18.617+0200] {logging_mixin.py:117} INFO - [2022-09-20T12:20:18.617+0200] {dagbag.py:525} INFO - Filling up the DagBag from /Users/sonyaxent/.local/share/virtualenvs/sonyaxent-YA4QR0Vi/lib/python3.10/site-packages/airflow/example_dags/tutorial_taskflow_api_virtualenv.py
[2022-09-20T12:20:18.661+0200] {processor.py:768} INFO - DAG(s) dict_keys(['tutorial_taskflow_api_virtualenv']) retrieved from /Users/sonyaxent/.local/share/virtualenvs/sonyaxent-YA4QR0Vi/lib/python3.10/site-packages/airflow/example_dags/tutorial_taskflow_api_virtualenv.py
[2022-09-20T12:20:19.142+0200] {logging_mixin.py:117} INFO - [2022-09-20T12:20:19.142+0200] {dag.py:2573} INFO - Sync 1 DAGs
[2022-09-20T12:20:19.155+0200] {logging_mixin.py:117} INFO - [2022-09-20T12:20:19.155+0200] {dag.py:3324} INFO - Setting next_dagrun for tutorial_taskflow_api_virtualenv to None, run_after=None
[2022-09-20T12:20:19.178+0200] {processor.py:178} INFO - Processing /Users/sonyaxent/.local/share/virtualenvs/sonyaxent-YA4QR0Vi/lib/python3.10/site-packages/airflow/example_dags/tutorial_taskflow_api_virtualenv.py took 0.567 seconds
[2022-09-20T12:23:55.646+0200] {processor.py:156} INFO - Started process (PID=63598) to work on /Users/sonyaxent/.local/share/virtualenvs/sonyaxent-YA4QR0Vi/lib/python3.10/site-packages/airflow/example_dags/tutorial_taskflow_api_virtualenv.py
[2022-09-20T12:23:55.652+0200] {processor.py:758} INFO - Processing file /Users/sonyaxent/.local/share/virtualenvs/sonyaxent-YA4QR0Vi/lib/python3.10/site-packages/airflow/example_dags/tutorial_taskflow_api_virtualenv.py for tasks to queue
[2022-09-20T12:23:55.653+0200] {logging_mixin.py:117} INFO - [2022-09-20T12:23:55.652+0200] {dagbag.py:525} INFO - Filling up the DagBag from /Users/sonyaxent/.local/share/virtualenvs/sonyaxent-YA4QR0Vi/lib/python3.10/site-packages/airflow/example_dags/tutorial_taskflow_api_virtualenv.py
[2022-09-20T12:23:55.695+0200] {processor.py:768} INFO - DAG(s) dict_keys(['tutorial_taskflow_api_virtualenv']) retrieved from /Users/sonyaxent/.local/share/virtualenvs/sonyaxent-YA4QR0Vi/lib/python3.10/site-packages/airflow/example_dags/tutorial_taskflow_api_virtualenv.py
[2022-09-20T12:23:56.126+0200] {logging_mixin.py:117} INFO - [2022-09-20T12:23:56.126+0200] {dag.py:2573} INFO - Sync 1 DAGs
[2022-09-20T12:23:56.141+0200] {logging_mixin.py:117} INFO - [2022-09-20T12:23:56.141+0200] {dag.py:3324} INFO - Setting next_dagrun for tutorial_taskflow_api_virtualenv to None, run_after=None
[2022-09-20T12:23:56.158+0200] {processor.py:178} INFO - Processing /Users/sonyaxent/.local/share/virtualenvs/sonyaxent-YA4QR0Vi/lib/python3.10/site-packages/airflow/example_dags/tutorial_taskflow_api_virtualenv.py took 0.512 seconds
