[2022-09-20T12:19:04.016+0200] {processor.py:156} INFO - Started process (PID=63294) to work on /Users/sonyaxent/.local/share/virtualenvs/sonyaxent-YA4QR0Vi/lib/python3.10/site-packages/airflow/example_dags/tutorial_dag.py
[2022-09-20T12:19:04.021+0200] {processor.py:758} INFO - Processing file /Users/sonyaxent/.local/share/virtualenvs/sonyaxent-YA4QR0Vi/lib/python3.10/site-packages/airflow/example_dags/tutorial_dag.py for tasks to queue
[2022-09-20T12:19:04.022+0200] {logging_mixin.py:117} INFO - [2022-09-20T12:19:04.022+0200] {dagbag.py:525} INFO - Filling up the DagBag from /Users/sonyaxent/.local/share/virtualenvs/sonyaxent-YA4QR0Vi/lib/python3.10/site-packages/airflow/example_dags/tutorial_dag.py
[2022-09-20T12:19:04.053+0200] {processor.py:768} INFO - DAG(s) dict_keys(['tutorial_dag']) retrieved from /Users/sonyaxent/.local/share/virtualenvs/sonyaxent-YA4QR0Vi/lib/python3.10/site-packages/airflow/example_dags/tutorial_dag.py
[2022-09-20T12:19:04.081+0200] {logging_mixin.py:117} INFO - [2022-09-20T12:19:04.081+0200] {dag.py:2573} INFO - Sync 1 DAGs
[2022-09-20T12:19:04.166+0200] {logging_mixin.py:117} INFO - [2022-09-20T12:19:04.166+0200] {dag.py:3324} INFO - Setting next_dagrun for tutorial_dag to None, run_after=None
[2022-09-20T12:19:04.182+0200] {processor.py:178} INFO - Processing /Users/sonyaxent/.local/share/virtualenvs/sonyaxent-YA4QR0Vi/lib/python3.10/site-packages/airflow/example_dags/tutorial_dag.py took 0.167 seconds
[2022-09-20T12:20:23.204+0200] {processor.py:156} INFO - Started process (PID=63353) to work on /Users/sonyaxent/.local/share/virtualenvs/sonyaxent-YA4QR0Vi/lib/python3.10/site-packages/airflow/example_dags/tutorial_dag.py
[2022-09-20T12:20:23.210+0200] {processor.py:758} INFO - Processing file /Users/sonyaxent/.local/share/virtualenvs/sonyaxent-YA4QR0Vi/lib/python3.10/site-packages/airflow/example_dags/tutorial_dag.py for tasks to queue
[2022-09-20T12:20:23.210+0200] {logging_mixin.py:117} INFO - [2022-09-20T12:20:23.210+0200] {dagbag.py:525} INFO - Filling up the DagBag from /Users/sonyaxent/.local/share/virtualenvs/sonyaxent-YA4QR0Vi/lib/python3.10/site-packages/airflow/example_dags/tutorial_dag.py
[2022-09-20T12:20:23.240+0200] {processor.py:768} INFO - DAG(s) dict_keys(['tutorial_dag']) retrieved from /Users/sonyaxent/.local/share/virtualenvs/sonyaxent-YA4QR0Vi/lib/python3.10/site-packages/airflow/example_dags/tutorial_dag.py
[2022-09-20T12:20:23.643+0200] {logging_mixin.py:117} INFO - [2022-09-20T12:20:23.642+0200] {dag.py:2573} INFO - Sync 1 DAGs
[2022-09-20T12:20:23.656+0200] {logging_mixin.py:117} INFO - [2022-09-20T12:20:23.656+0200] {dag.py:3324} INFO - Setting next_dagrun for tutorial_dag to None, run_after=None
[2022-09-20T12:20:23.669+0200] {processor.py:178} INFO - Processing /Users/sonyaxent/.local/share/virtualenvs/sonyaxent-YA4QR0Vi/lib/python3.10/site-packages/airflow/example_dags/tutorial_dag.py took 0.466 seconds
[2022-09-20T12:23:59.678+0200] {processor.py:156} INFO - Started process (PID=63605) to work on /Users/sonyaxent/.local/share/virtualenvs/sonyaxent-YA4QR0Vi/lib/python3.10/site-packages/airflow/example_dags/tutorial_dag.py
[2022-09-20T12:23:59.684+0200] {processor.py:758} INFO - Processing file /Users/sonyaxent/.local/share/virtualenvs/sonyaxent-YA4QR0Vi/lib/python3.10/site-packages/airflow/example_dags/tutorial_dag.py for tasks to queue
[2022-09-20T12:23:59.684+0200] {logging_mixin.py:117} INFO - [2022-09-20T12:23:59.684+0200] {dagbag.py:525} INFO - Filling up the DagBag from /Users/sonyaxent/.local/share/virtualenvs/sonyaxent-YA4QR0Vi/lib/python3.10/site-packages/airflow/example_dags/tutorial_dag.py
[2022-09-20T12:23:59.719+0200] {processor.py:768} INFO - DAG(s) dict_keys(['tutorial_dag']) retrieved from /Users/sonyaxent/.local/share/virtualenvs/sonyaxent-YA4QR0Vi/lib/python3.10/site-packages/airflow/example_dags/tutorial_dag.py
[2022-09-20T12:24:00.294+0200] {logging_mixin.py:117} INFO - [2022-09-20T12:24:00.294+0200] {dag.py:2573} INFO - Sync 1 DAGs
[2022-09-20T12:24:00.317+0200] {logging_mixin.py:117} INFO - [2022-09-20T12:24:00.316+0200] {dag.py:3324} INFO - Setting next_dagrun for tutorial_dag to None, run_after=None
[2022-09-20T12:24:00.333+0200] {processor.py:178} INFO - Processing /Users/sonyaxent/.local/share/virtualenvs/sonyaxent-YA4QR0Vi/lib/python3.10/site-packages/airflow/example_dags/tutorial_dag.py took 0.656 seconds
