[2022-09-20T12:19:02.147+0200] {processor.py:156} INFO - Started process (PID=63293) to work on /Users/sonyaxent/.local/share/virtualenvs/sonyaxent-YA4QR0Vi/lib/python3.10/site-packages/airflow/example_dags/tutorial_taskflow_api.py
[2022-09-20T12:19:02.152+0200] {processor.py:758} INFO - Processing file /Users/sonyaxent/.local/share/virtualenvs/sonyaxent-YA4QR0Vi/lib/python3.10/site-packages/airflow/example_dags/tutorial_taskflow_api.py for tasks to queue
[2022-09-20T12:19:02.153+0200] {logging_mixin.py:117} INFO - [2022-09-20T12:19:02.152+0200] {dagbag.py:525} INFO - Filling up the DagBag from /Users/sonyaxent/.local/share/virtualenvs/sonyaxent-YA4QR0Vi/lib/python3.10/site-packages/airflow/example_dags/tutorial_taskflow_api.py
[2022-09-20T12:19:02.192+0200] {processor.py:768} INFO - DAG(s) dict_keys(['tutorial_taskflow_api']) retrieved from /Users/sonyaxent/.local/share/virtualenvs/sonyaxent-YA4QR0Vi/lib/python3.10/site-packages/airflow/example_dags/tutorial_taskflow_api.py
[2022-09-20T12:19:02.217+0200] {logging_mixin.py:117} INFO - [2022-09-20T12:19:02.216+0200] {dag.py:2573} INFO - Sync 1 DAGs
[2022-09-20T12:19:02.301+0200] {logging_mixin.py:117} INFO - [2022-09-20T12:19:02.301+0200] {dag.py:3324} INFO - Setting next_dagrun for tutorial_taskflow_api to None, run_after=None
[2022-09-20T12:19:02.316+0200] {processor.py:178} INFO - Processing /Users/sonyaxent/.local/share/virtualenvs/sonyaxent-YA4QR0Vi/lib/python3.10/site-packages/airflow/example_dags/tutorial_taskflow_api.py took 0.170 seconds
[2022-09-20T12:20:20.978+0200] {processor.py:156} INFO - Started process (PID=63352) to work on /Users/sonyaxent/.local/share/virtualenvs/sonyaxent-YA4QR0Vi/lib/python3.10/site-packages/airflow/example_dags/tutorial_taskflow_api.py
[2022-09-20T12:20:20.984+0200] {processor.py:758} INFO - Processing file /Users/sonyaxent/.local/share/virtualenvs/sonyaxent-YA4QR0Vi/lib/python3.10/site-packages/airflow/example_dags/tutorial_taskflow_api.py for tasks to queue
[2022-09-20T12:20:20.984+0200] {logging_mixin.py:117} INFO - [2022-09-20T12:20:20.984+0200] {dagbag.py:525} INFO - Filling up the DagBag from /Users/sonyaxent/.local/share/virtualenvs/sonyaxent-YA4QR0Vi/lib/python3.10/site-packages/airflow/example_dags/tutorial_taskflow_api.py
[2022-09-20T12:20:21.024+0200] {processor.py:768} INFO - DAG(s) dict_keys(['tutorial_taskflow_api']) retrieved from /Users/sonyaxent/.local/share/virtualenvs/sonyaxent-YA4QR0Vi/lib/python3.10/site-packages/airflow/example_dags/tutorial_taskflow_api.py
[2022-09-20T12:20:21.423+0200] {logging_mixin.py:117} INFO - [2022-09-20T12:20:21.423+0200] {dag.py:2573} INFO - Sync 1 DAGs
[2022-09-20T12:20:21.437+0200] {logging_mixin.py:117} INFO - [2022-09-20T12:20:21.437+0200] {dag.py:3324} INFO - Setting next_dagrun for tutorial_taskflow_api to None, run_after=None
[2022-09-20T12:20:21.452+0200] {processor.py:178} INFO - Processing /Users/sonyaxent/.local/share/virtualenvs/sonyaxent-YA4QR0Vi/lib/python3.10/site-packages/airflow/example_dags/tutorial_taskflow_api.py took 0.475 seconds
[2022-09-20T12:23:57.946+0200] {processor.py:156} INFO - Started process (PID=63601) to work on /Users/sonyaxent/.local/share/virtualenvs/sonyaxent-YA4QR0Vi/lib/python3.10/site-packages/airflow/example_dags/tutorial_taskflow_api.py
[2022-09-20T12:23:57.952+0200] {processor.py:758} INFO - Processing file /Users/sonyaxent/.local/share/virtualenvs/sonyaxent-YA4QR0Vi/lib/python3.10/site-packages/airflow/example_dags/tutorial_taskflow_api.py for tasks to queue
[2022-09-20T12:23:57.953+0200] {logging_mixin.py:117} INFO - [2022-09-20T12:23:57.953+0200] {dagbag.py:525} INFO - Filling up the DagBag from /Users/sonyaxent/.local/share/virtualenvs/sonyaxent-YA4QR0Vi/lib/python3.10/site-packages/airflow/example_dags/tutorial_taskflow_api.py
[2022-09-20T12:23:57.993+0200] {processor.py:768} INFO - DAG(s) dict_keys(['tutorial_taskflow_api']) retrieved from /Users/sonyaxent/.local/share/virtualenvs/sonyaxent-YA4QR0Vi/lib/python3.10/site-packages/airflow/example_dags/tutorial_taskflow_api.py
[2022-09-20T12:23:58.419+0200] {logging_mixin.py:117} INFO - [2022-09-20T12:23:58.418+0200] {dag.py:2573} INFO - Sync 1 DAGs
[2022-09-20T12:23:58.432+0200] {logging_mixin.py:117} INFO - [2022-09-20T12:23:58.432+0200] {dag.py:3324} INFO - Setting next_dagrun for tutorial_taskflow_api to None, run_after=None
[2022-09-20T12:23:58.448+0200] {processor.py:178} INFO - Processing /Users/sonyaxent/.local/share/virtualenvs/sonyaxent-YA4QR0Vi/lib/python3.10/site-packages/airflow/example_dags/tutorial_taskflow_api.py took 0.502 seconds
